Using pre-set license
Built from '2020.3/staging' branch; Version is '2020.3.14f1 (d0d1bb862f9d) revision 13685179'; Using compiler version '192528614'; Build Type 'Release'
OS: 'Windows 10 Home Single Language; OS build 19043.1110; Version 2009; 64bit' Language: 'en' Physical Memory: 8014 MB
BatchMode: 1, IsHumanControllingUs: 0, StartBugReporterOnCrash: 0, Is64bit: 1, IsPro: 0

 COMMAND LINE ARGUMENTS:
D:\Unity\Editor\2020.3.14f1\Editor\Unity.exe
-adb2
-batchMode
-noUpm
-name
AssetImportWorker0
-projectPath
D:/Somak Unity Projects/The-Explorer-2D-game/The-Explorer-2D-game/New Unity Project
-logFile
Logs/AssetImportWorker0.log
-srvPort
63885
Successfully changed project path to: D:/Somak Unity Projects/The-Explorer-2D-game/The-Explorer-2D-game/New Unity Project
D:/Somak Unity Projects/The-Explorer-2D-game/The-Explorer-2D-game/New Unity Project
Using Asset Import Pipeline V2.
Refreshing native plugins compatible for Editor in 46.25 ms, found 2 plugins.
Preloading 0 native plugins for Editor in 0.00 ms.
Initialize engine version: 2020.3.14f1 (d0d1bb862f9d)
[Subsystems] Discovering subsystems at path D:/Unity/Editor/2020.3.14f1/Editor/Data/Resources/UnitySubsystems
[Subsystems] Discovering subsystems at path D:/Somak Unity Projects/The-Explorer-2D-game/The-Explorer-2D-game/New Unity Project/Assets
GfxDevice: creating device client; threaded=0
Direct3D:
    Version:  Direct3D 11.0 [level 11.1]
    Renderer: Intel(R) UHD Graphics (ID=0x9b41)
    Vendor:   
    VRAM:     4007 MB
    Driver:   27.20.100.8853
Initialize mono
Mono path[0] = 'D:/Unity/Editor/2020.3.14f1/Editor/Data/Managed'
Mono path[1] = 'D:/Unity/Editor/2020.3.14f1/Editor/Data/MonoBleedingEdge/lib/mono/unityjit'
Mono config path = 'D:/Unity/Editor/2020.3.14f1/Editor/Data/MonoBleedingEdge/etc'
Using monoOptions --debugger-agent=transport=dt_socket,embedding=1,server=y,suspend=n,address=127.0.0.1:56348
Begin MonoManager ReloadAssembly
Registering precompiled unity dll's ...
Register platform support module: D:/Unity/Editor/2020.3.14f1/Editor/Data/PlaybackEngines/WebGLSupport/UnityEditor.WebGL.Extensions.dll
Register platform support module: D:/Unity/Editor/2020.3.14f1/Editor/Data/PlaybackEngines/WindowsStandaloneSupport/UnityEditor.WindowsStandalone.Extensions.dll
Registered in 0.001276 seconds.
Native extension for WindowsStandalone target not found
Native extension for WebGL target not found
Refreshing native plugins compatible for Editor in 48.27 ms, found 2 plugins.
Preloading 0 native plugins for Editor in 0.00 ms.
Mono: successfully reloaded assembly
- Completed reload, in  2.531 seconds
Domain Reload Profiling:
	ReloadAssembly (2531ms)
		BeginReloadAssembly (59ms)
			ExecutionOrderSort (0ms)
			DisableScriptedObjects (0ms)
			BackupInstance (0ms)
			ReleaseScriptingObjects (0ms)
			CreateAndSetChildDomain (1ms)
		EndReloadAssembly (411ms)
			LoadAssemblies (58ms)
			RebuildTransferFunctionScriptingTraits (0ms)
			SetupTypeCache (142ms)
			ReleaseScriptCaches (0ms)
			RebuildScriptCaches (33ms)
			SetupLoadedEditorAssemblies (170ms)
				LogAssemblyErrors (0ms)
				InitializePlatformSupportModulesInManaged (5ms)
				SetLoadedEditorAssemblies (0ms)
				RefreshPlugins (48ms)
				BeforeProcessingInitializeOnLoad (14ms)
				ProcessInitializeOnLoadAttributes (75ms)
				ProcessInitializeOnLoadMethodAttributes (28ms)
				AfterProcessingInitializeOnLoad (0ms)
				EditorAssembliesLoaded (0ms)
			ExecutionOrderSort2 (0ms)
			AwakeInstancesAfterBackupRestoration (0ms)
Platform modules already initialized, skipping
Registering precompiled user dll's ...
Registered in 0.003623 seconds.
Begin MonoManager ReloadAssembly
Native extension for WindowsStandalone target not found
Native extension for WebGL target not found
Refreshing native plugins compatible for Editor in 0.69 ms, found 2 plugins.
Preloading 0 native plugins for Editor in 0.00 ms.
Mono: successfully reloaded assembly
- Completed reload, in  1.035 seconds
Domain Reload Profiling:
	ReloadAssembly (1036ms)
		BeginReloadAssembly (150ms)
			ExecutionOrderSort (0ms)
			DisableScriptedObjects (4ms)
			BackupInstance (0ms)
			ReleaseScriptingObjects (0ms)
			CreateAndSetChildDomain (20ms)
		EndReloadAssembly (830ms)
			LoadAssemblies (97ms)
			RebuildTransferFunctionScriptingTraits (0ms)
			SetupTypeCache (270ms)
			ReleaseScriptCaches (0ms)
			RebuildScriptCaches (60ms)
			SetupLoadedEditorAssemblies (327ms)
				LogAssemblyErrors (0ms)
				InitializePlatformSupportModulesInManaged (5ms)
				SetLoadedEditorAssemblies (0ms)
				RefreshPlugins (1ms)
				BeforeProcessingInitializeOnLoad (79ms)
				ProcessInitializeOnLoadAttributes (229ms)
				ProcessInitializeOnLoadMethodAttributes (10ms)
				AfterProcessingInitializeOnLoad (2ms)
				EditorAssembliesLoaded (0ms)
			ExecutionOrderSort2 (0ms)
			AwakeInstancesAfterBackupRestoration (7ms)
Platform modules already initialized, skipping
========================================================================
Worker process is ready to serve import requests
Launched and connected shader compiler UnityShaderCompiler.exe after 0.05 seconds
Refreshing native plugins compatible for Editor in 0.71 ms, found 2 plugins.
Preloading 0 native plugins for Editor in 0.00 ms.
Unloading 1936 Unused Serialized files (Serialized files now loaded: 0)
System memory in use before: 91.7 MB.
System memory in use after: 91.8 MB.

Unloading 23 unused Assets to reduce memory usage. Loaded Objects now: 2372.
Total: 2.210200 ms (FindLiveObjects: 0.203800 ms CreateObjectMapping: 0.061400 ms MarkObjects: 1.872700 ms  DeleteObjects: 0.071200 ms)

AssetImportParameters requested are different than current active one (requested -> active):
  custom:framework-win-MediaFoundation: 216162199b28c13a410421893ffa2e32 -> 
  custom:video-decoder-ogg-theora: a1e56fd34408186e4bbccfd4996cb3dc -> 
  custom:container-muxer-webm: aa71ff27fc2769a1b78a27578f13a17b -> 
  custom:container-demuxer-webm: 4f35f7cbe854078d1ac9338744f61a02 -> 
  custom:container-demuxer-ogg: 62fdf1f143b41e24485cea50d1cbac27 -> 
  custom:video-encoder-webm-vp8: eb34c28f22e8b96e1ab97ce403110664 -> 
  custom:video-decoder-webm-vp8: 9c59270c3fd7afecdb556c50c9e8de78 -> 
  custom:audio-decoder-ogg-vorbis: bf7c407c2cedff20999df2af8eb42d56 -> 
  custom:audio-encoder-webm-vorbis: bf7c407c2cedff20999df2af8eb42d56 -> 
========================================================================
Received Import Request.
  path: Assets/2DGamekit/Art/Materials/VFX/Ellen/BulletImpact.mat
  artifactKey: Guid(640671a219009724abda628f3fc3a28c) Importer(815301076,1909f56bfc062723c751e8b465ee728b)
Start importing Assets/2DGamekit/Art/Materials/VFX/Ellen/BulletImpact.mat using Guid(640671a219009724abda628f3fc3a28c) Importer(815301076,1909f56bfc062723c751e8b465ee728b)  -> (artifact id: '1e89e2eed91b112d456f3fa9fc85ee78') in 0.192759 seconds 
  Import took 0.196020 seconds .

========================================================================
Received Import Request.
  Time since last request: 0.000288 seconds.
  path: Assets/2DGamekit/Art/Materials/Enemies/EnemyBits.mat
  artifactKey: Guid(088f6c36a29f5de4bbe5ed8ca5e18186) Importer(815301076,1909f56bfc062723c751e8b465ee728b)
Start importing Assets/2DGamekit/Art/Materials/Enemies/EnemyBits.mat using Guid(088f6c36a29f5de4bbe5ed8ca5e18186) Importer(815301076,1909f56bfc062723c751e8b465ee728b)  -> (artifact id: 'e7cfb138dd31ecb7138f40049dc40deb') in 0.079201 seconds 
  Import took 0.083076 seconds .

========================================================================
Received Import Request.
  Time since last request: 0.000189 seconds.
  path: Assets/2DGamekit/Art/Materials/VFX/Glow.mat
  artifactKey: Guid(4e5d31cb01fd7ce418bf692fcce23b50) Importer(815301076,1909f56bfc062723c751e8b465ee728b)
Start importing Assets/2DGamekit/Art/Materials/VFX/Glow.mat using Guid(4e5d31cb01fd7ce418bf692fcce23b50) Importer(815301076,1909f56bfc062723c751e8b465ee728b)  -> (artifact id: 'afd206009a4358ab5f08f4a7f1670b8a') in 0.077722 seconds 
  Import took 0.080516 seconds .

========================================================================
Received Import Request.
  Time since last request: 0.000261 seconds.
  path: Assets/2DGamekit/Prefabs/VFX/Enemies/Gunner/GunnerShieldHit.prefab
  artifactKey: Guid(c5f99beb88686a342b1d3a911e99f8c1) Importer(815301076,1909f56bfc062723c751e8b465ee728b)
Start importing Assets/2DGamekit/Prefabs/VFX/Enemies/Gunner/GunnerShieldHit.prefab using Guid(c5f99beb88686a342b1d3a911e99f8c1) Importer(815301076,1909f56bfc062723c751e8b465ee728b)  -> (artifact id: 'bc36534002787c3f849a56552f25a3e9') in 0.102107 seconds 
  Import took 0.105188 seconds .

========================================================================
Received Import Request.
  Time since last request: 0.000293 seconds.
  path: Assets/2DGamekit/Prefabs/VFX/Interactables/HealingEffect.prefab
  artifactKey: Guid(22d975de71983884ea3e0dcc57424749) Importer(815301076,1909f56bfc062723c751e8b465ee728b)
Start importing Assets/2DGamekit/Prefabs/VFX/Interactables/HealingEffect.prefab using Guid(22d975de71983884ea3e0dcc57424749) Importer(815301076,1909f56bfc062723c751e8b465ee728b)  -> (artifact id: 'ba00ba5fdcc0c473e21cab6cb4a5e803') in 0.015522 seconds 
  Import took 0.019120 seconds .

========================================================================
Received Import Request.
  Time since last request: 0.000653 seconds.
  path: Assets/2DGamekit/Prefabs/Environment/Acid.prefab
  artifactKey: Guid(3aa03ae1689a947448e3ea2b622614f1) Importer(815301076,1909f56bfc062723c751e8b465ee728b)
Start importing Assets/2DGamekit/Prefabs/Environment/Acid.prefab using Guid(3aa03ae1689a947448e3ea2b622614f1) Importer(815301076,1909f56bfc062723c751e8b465ee728b)  -> (artifact id: 'd1cfe7e8b94ce801a08f36cfd6d72eac') in 0.131414 seconds 
  Import took 0.136268 seconds .

========================================================================
Received Import Request.
  Time since last request: 0.000274 seconds.
  path: Assets/2DGamekit/Prefabs/VFX/Environment/BlueMotes.prefab
  artifactKey: Guid(4c916d2207d2300418a5957aa19521d4) Importer(815301076,1909f56bfc062723c751e8b465ee728b)
Start importing Assets/2DGamekit/Prefabs/VFX/Environment/BlueMotes.prefab using Guid(4c916d2207d2300418a5957aa19521d4) Importer(815301076,1909f56bfc062723c751e8b465ee728b)  -> (artifact id: '8f35f75e56884e439fb8a141c1e20b7d') in 0.014509 seconds 
  Import took 0.017377 seconds .

========================================================================
Received Import Request.
  Time since last request: 0.000228 seconds.
  path: Assets/2DGamekit/Prefabs/Ellen.prefab
  artifactKey: Guid(73360cdb4e1e7ed4897690f9d57fd0eb) Importer(815301076,1909f56bfc062723c751e8b465ee728b)
Start importing Assets/2DGamekit/Prefabs/Ellen.prefab using Guid(73360cdb4e1e7ed4897690f9d57fd0eb) Importer(815301076,1909f56bfc062723c751e8b465ee728b)  -> (artifact id: 'c959fe0b195355f0835f8b44f3a6f63b') in 0.122335 seconds 
  Import took 0.126543 seconds .

========================================================================
Received Import Request.
  Time since last request: 0.000213 seconds.
  path: Assets/2DGamekit/Prefabs/VFX/Enemies/Gunner/GunnerHitDamage.prefab
  artifactKey: Guid(b3bb281a13618314da45e7c0d01d9f5f) Importer(815301076,1909f56bfc062723c751e8b465ee728b)
Start importing Assets/2DGamekit/Prefabs/VFX/Enemies/Gunner/GunnerHitDamage.prefab using Guid(b3bb281a13618314da45e7c0d01d9f5f) Importer(815301076,1909f56bfc062723c751e8b465ee728b)  -> (artifact id: '3780bc02d3f7d835a9c2da263e47865a') in 0.015196 seconds 
  Import took 0.020052 seconds .

========================================================================
Received Import Request.
  Time since last request: 0.000552 seconds.
  path: Assets/2DGamekit/Art/Materials/Enemies/GunnerProjectileParticle.mat
  artifactKey: Guid(9dc7ddfb66f7155478361b01782f2afc) Importer(815301076,1909f56bfc062723c751e8b465ee728b)
Start importing Assets/2DGamekit/Art/Materials/Enemies/GunnerProjectileParticle.mat using Guid(9dc7ddfb66f7155478361b01782f2afc) Importer(815301076,1909f56bfc062723c751e8b465ee728b)  -> (artifact id: '72a7d4fba78cc116d61d540fddf428f1') in 0.015319 seconds 
  Import took 0.019525 seconds .

========================================================================
Received Import Request.
  Time since last request: 0.000255 seconds.
  path: Assets/2DGamekit/Prefabs/Interactables/Door.prefab
  artifactKey: Guid(d3dff3eb072b76f4daa75549e62b7bda) Importer(815301076,1909f56bfc062723c751e8b465ee728b)
Start importing Assets/2DGamekit/Prefabs/Interactables/Door.prefab using Guid(d3dff3eb072b76f4daa75549e62b7bda) Importer(815301076,1909f56bfc062723c751e8b465ee728b)  -> (artifact id: '6e026e202d86b0c472915c4fd2d0f768') in 0.221769 seconds 
  Import took 0.225668 seconds .

========================================================================
Received Import Request.
  Time since last request: 0.000207 seconds.
  path: Assets/2DGamekit/Prefabs/VFX/Environment/Fireflies.prefab
  artifactKey: Guid(afb89849ba0bcd141814c33c753a935b) Importer(815301076,1909f56bfc062723c751e8b465ee728b)
Start importing Assets/2DGamekit/Prefabs/VFX/Environment/Fireflies.prefab using Guid(afb89849ba0bcd141814c33c753a935b) Importer(815301076,1909f56bfc062723c751e8b465ee728b)  -> (artifact id: 'b4618f8efeca176500c97858221d4ec8') in 0.040518 seconds 
  Import took 0.044019 seconds .

========================================================================
Received Import Request.
  Time since last request: 0.000266 seconds.
  path: Assets/2DGamekit/Prefabs/UIPrefabs/HealthIcon.prefab
  artifactKey: Guid(5e2d966f076c6144ba1b3f112e14ede1) Importer(815301076,1909f56bfc062723c751e8b465ee728b)
Start importing Assets/2DGamekit/Prefabs/UIPrefabs/HealthIcon.prefab using Guid(5e2d966f076c6144ba1b3f112e14ede1) Importer(815301076,1909f56bfc062723c751e8b465ee728b)  -> (artifact id: 'b0046a29cf6fb80ace0c72e1172fcce1') in 0.013363 seconds 
  Import took 0.016241 seconds .

========================================================================
Received Import Request.
  Time since last request: 0.000300 seconds.
  path: Assets/2DGamekit/Prefabs/VFX/Ellen/EllenDeath2.prefab
  artifactKey: Guid(9e338b4c54ba94d49abce741fc8a30d8) Importer(815301076,1909f56bfc062723c751e8b465ee728b)
Start importing Assets/2DGamekit/Prefabs/VFX/Ellen/EllenDeath2.prefab using Guid(9e338b4c54ba94d49abce741fc8a30d8) Importer(815301076,1909f56bfc062723c751e8b465ee728b)  -> (artifact id: '5645bd57442dc411e89925e0ed23f998') in 0.062509 seconds 
  Import took 0.067228 seconds .

========================================================================
Received Import Request.
  Time since last request: 0.000195 seconds.
  path: Assets/2DGamekit/Art/Materials/Environment/MistLight.mat
  artifactKey: Guid(afb12922b97680b4ab289d7ba5d80485) Importer(815301076,1909f56bfc062723c751e8b465ee728b)
Start importing Assets/2DGamekit/Art/Materials/Environment/MistLight.mat using Guid(afb12922b97680b4ab289d7ba5d80485) Importer(815301076,1909f56bfc062723c751e8b465ee728b)  -> (artifact id: '1903cf8b66ab9ef52098617785cb3f46') in 0.252813 seconds 
  Import took 0.255835 seconds .

========================================================================
Received Import Request.
  Time since last request: 0.000330 seconds.
  path: Assets/2DGamekit/Art/Materials/VFX/Enemies/Gunner/Lightning.mat
  artifactKey: Guid(c5d072348317bd947bfb0130940546c2) Importer(815301076,1909f56bfc062723c751e8b465ee728b)
Start importing Assets/2DGamekit/Art/Materials/VFX/Enemies/Gunner/Lightning.mat using Guid(c5d072348317bd947bfb0130940546c2) Importer(815301076,1909f56bfc062723c751e8b465ee728b)  -> (artifact id: 'b29b14555fb24c4e2bcad1fb9a81db88') in 0.014543 seconds 
  Import took 0.019013 seconds .

========================================================================
Received Import Request.
  Time since last request: 0.000621 seconds.
  path: Assets/2DGamekit/Prefabs/UIPrefabs/GameOverCanvas.prefab
  artifactKey: Guid(2cb597c059c0637489d7a3309e26cb52) Importer(815301076,1909f56bfc062723c751e8b465ee728b)
Start importing Assets/2DGamekit/Prefabs/UIPrefabs/GameOverCanvas.prefab using Guid(2cb597c059c0637489d7a3309e26cb52) Importer(815301076,1909f56bfc062723c751e8b465ee728b)  -> (artifact id: '3ac98af6dfa3a121fc959a6cbff88b69') in 0.012306 seconds 
  Import took 0.017495 seconds .

========================================================================
Received Import Request.
  Time since last request: 0.000871 seconds.
  path: Assets/2DGamekit/Prefabs/Interactables/Bridge.prefab
  artifactKey: Guid(a895c7cedf6851f4380f2a35df8d219a) Importer(815301076,1909f56bfc062723c751e8b465ee728b)
Start importing Assets/2DGamekit/Prefabs/Interactables/Bridge.prefab using Guid(a895c7cedf6851f4380f2a35df8d219a) Importer(815301076,1909f56bfc062723c751e8b465ee728b)  -> (artifact id: 'f1005b616e063584f8983f554d96f7ee') in 0.019962 seconds 
  Import took 0.024349 seconds .

========================================================================
Received Import Request.
  Time since last request: 0.000502 seconds.
  path: Assets/2DGamekit/Prefabs/VFX/Ellen/JumpEffect.prefab
  artifactKey: Guid(7e73f509e566c5b4f84c4fe249de14d2) Importer(815301076,1909f56bfc062723c751e8b465ee728b)
Start importing Assets/2DGamekit/Prefabs/VFX/Ellen/JumpEffect.prefab using Guid(7e73f509e566c5b4f84c4fe249de14d2) Importer(815301076,1909f56bfc062723c751e8b465ee728b)  -> (artifact id: '06b08ea5488829fc46dd5d014ebb3fa9') in 0.016583 seconds 
  Import took 0.020324 seconds .

========================================================================
Received Import Request.
  Time since last request: 0.000463 seconds.
  path: Assets/2DGamekit/Utilities/Fonts/Rajdhani/Rajdhani-SemiBold.ttf
  artifactKey: Guid(3f7a3236435eb074fa1cc0b91daae0b4) Importer(815301076,1909f56bfc062723c751e8b465ee728b)
Start importing Assets/2DGamekit/Utilities/Fonts/Rajdhani/Rajdhani-SemiBold.ttf using Guid(3f7a3236435eb074fa1cc0b91daae0b4) Importer(815301076,1909f56bfc062723c751e8b465ee728b)  -> (artifact id: '23dcfcacf45692c69bfdcc02a7855a1f') in 0.035563 seconds 
  Import took 0.040395 seconds .

========================================================================
Received Import Request.
  Time since last request: 0.000587 seconds.
  path: Assets/2DGamekit/Prefabs/VFX/Enemies/Gunner/GunnerUpBeamEffect.prefab
  artifactKey: Guid(9900d904a54f7f2478123cb690ab35a4) Importer(815301076,1909f56bfc062723c751e8b465ee728b)
Start importing Assets/2DGamekit/Prefabs/VFX/Enemies/Gunner/GunnerUpBeamEffect.prefab using Guid(9900d904a54f7f2478123cb690ab35a4) Importer(815301076,1909f56bfc062723c751e8b465ee728b)  -> (artifact id: '27cd8cf0714b4498ed3f917f0a729baf') in 0.016055 seconds 
  Import took 0.019632 seconds .

========================================================================
Received Import Request.
  Time since last request: 0.000216 seconds.
  path: Assets/2DGamekit/Art/Materials/VFX/Interactables/HealingGlobe.mat
  artifactKey: Guid(4f6e1aa50df99604fb7b0a1d3fe6107b) Importer(815301076,1909f56bfc062723c751e8b465ee728b)
Start importing Assets/2DGamekit/Art/Materials/VFX/Interactables/HealingGlobe.mat using Guid(4f6e1aa50df99604fb7b0a1d3fe6107b) Importer(815301076,1909f56bfc062723c751e8b465ee728b)  -> (artifact id: '6df27db55cfdc3f2de4154839884ef86') in 0.063822 seconds 
  Import took 0.067312 seconds .

========================================================================
Received Import Request.
  Time since last request: 0.000223 seconds.
  path: Assets/2DGamekit/Art/Materials/Enemies/GunnerBeamEffect.mat
  artifactKey: Guid(dbfb059e3e36edf4294f9cff03bb0363) Importer(815301076,1909f56bfc062723c751e8b465ee728b)
Start importing Assets/2DGamekit/Art/Materials/Enemies/GunnerBeamEffect.mat using Guid(dbfb059e3e36edf4294f9cff03bb0363) Importer(815301076,1909f56bfc062723c751e8b465ee728b)  -> (artifact id: '592748ef1cc70bfd0ff3dea2b027e1f6') in 0.013319 seconds 
  Import took 0.016437 seconds .

========================================================================
Received Import Request.
  Time since last request: 0.000237 seconds.
  path: Assets/2DGamekit/Art/Materials/Enemies/GunnerUpBeamEffect01.mat
  artifactKey: Guid(abeda169c8b81254ea278944f247a4fa) Importer(815301076,1909f56bfc062723c751e8b465ee728b)
Start importing Assets/2DGamekit/Art/Materials/Enemies/GunnerUpBeamEffect01.mat using Guid(abeda169c8b81254ea278944f247a4fa) Importer(815301076,1909f56bfc062723c751e8b465ee728b)  -> (artifact id: 'f89e87c42864ba9070810ef099b79de6') in 0.013695 seconds 
  Import took 0.018925 seconds .

========================================================================
Received Import Request.
  Time since last request: 0.000535 seconds.
  path: Assets/2DGamekit/Utilities/Fonts/Rajdhani/Rajdhani-Light.ttf
  artifactKey: Guid(e44bb575ee780e84e98f1e161744eb85) Importer(815301076,1909f56bfc062723c751e8b465ee728b)
Start importing Assets/2DGamekit/Utilities/Fonts/Rajdhani/Rajdhani-Light.ttf using Guid(e44bb575ee780e84e98f1e161744eb85) Importer(815301076,1909f56bfc062723c751e8b465ee728b)  -> (artifact id: '2b91ac6ddd08957ff73cef86954b77ad') in 0.019875 seconds 
  Import took 0.024222 seconds .

========================================================================
Received Import Request.
  Time since last request: 0.000308 seconds.
  path: Assets/2DGamekit/Art/Materials/VFX/Environment/AcidSplash.mat
  artifactKey: Guid(64e961b3074b8784eb44b53d72a489e1) Importer(815301076,1909f56bfc062723c751e8b465ee728b)
Start importing Assets/2DGamekit/Art/Materials/VFX/Environment/AcidSplash.mat using Guid(64e961b3074b8784eb44b53d72a489e1) Importer(815301076,1909f56bfc062723c751e8b465ee728b)  -> (artifact id: '805d1f5663e1535c502348a45d18e24a') in 0.056918 seconds 
  Import took 0.060685 seconds .

========================================================================
Received Import Request.
  Time since last request: 0.000235 seconds.
  path: Assets/2DGamekit/Art/Materials/Environment/Mist.mat
  artifactKey: Guid(950a064d8c061b046a30fcdad799f81a) Importer(815301076,1909f56bfc062723c751e8b465ee728b)
Start importing Assets/2DGamekit/Art/Materials/Environment/Mist.mat using Guid(950a064d8c061b046a30fcdad799f81a) Importer(815301076,1909f56bfc062723c751e8b465ee728b)  -> (artifact id: '05f289b6fd8706bf1005bb9baa92c46e') in 0.012015 seconds 
  Import took 0.015390 seconds .

========================================================================
Received Import Request.
  Time since last request: 0.000283 seconds.
  path: Assets/2DGamekit/Prefabs/UIPrefabs/HealthCanvas.prefab
  artifactKey: Guid(2d2745d2a8668e644a921a4848c9bc90) Importer(815301076,1909f56bfc062723c751e8b465ee728b)
Start importing Assets/2DGamekit/Prefabs/UIPrefabs/HealthCanvas.prefab using Guid(2d2745d2a8668e644a921a4848c9bc90) Importer(815301076,1909f56bfc062723c751e8b465ee728b)  -> (artifact id: '6169cd1b4c4d95438988aa7b7b6d28d3') in 0.008959 seconds 
  Import took 0.013515 seconds .

========================================================================
Received Import Request.
  Time since last request: 0.000238 seconds.
  path: Assets/2DGamekit/Prefabs/VFX/Environment/DustPuff.prefab
  artifactKey: Guid(ca91f9a8283f57042830bdc02fa84302) Importer(815301076,1909f56bfc062723c751e8b465ee728b)
Start importing Assets/2DGamekit/Prefabs/VFX/Environment/DustPuff.prefab using Guid(ca91f9a8283f57042830bdc02fa84302) Importer(815301076,1909f56bfc062723c751e8b465ee728b)  -> (artifact id: 'da011390300dfd6693c0781521c34a46') in 0.017850 seconds 
  Import took 0.021951 seconds .

========================================================================
Received Import Request.
  Time since last request: 0.000225 seconds.
  path: Assets/2DGamekit/Prefabs/Interactables/HealthPickup.prefab
  artifactKey: Guid(6ce14eb040a43734b9fb27d9a62d91ee) Importer(815301076,1909f56bfc062723c751e8b465ee728b)
Start importing Assets/2DGamekit/Prefabs/Interactables/HealthPickup.prefab using Guid(6ce14eb040a43734b9fb27d9a62d91ee) Importer(815301076,1909f56bfc062723c751e8b465ee728b)  -> (artifact id: '2aafe893de8ec88b4d3089ac14fe734e') in 0.026636 seconds 
  Import took 0.031526 seconds .

========================================================================
Received Import Request.
  Time since last request: 0.000232 seconds.
  path: Assets/2DGamekit/Prefabs/VFX/Enemies/Gunner/GunnerShield.prefab
  artifactKey: Guid(4ba44c764bf20fc4c88a7a42dca61256) Importer(815301076,1909f56bfc062723c751e8b465ee728b)
Start importing Assets/2DGamekit/Prefabs/VFX/Enemies/Gunner/GunnerShield.prefab using Guid(4ba44c764bf20fc4c88a7a42dca61256) Importer(815301076,1909f56bfc062723c751e8b465ee728b)  -> (artifact id: '365629a3abe4734cdb8ea43a881b47c4') in 0.053561 seconds 
  Import took 0.056740 seconds .

========================================================================
Received Import Request.
  Time since last request: 0.000300 seconds.
  path: Assets/2DGamekit/Art/Materials/Environment/Dropship.mat
  artifactKey: Guid(2c14c73cffcc76346a7b50b3394b3e93) Importer(815301076,1909f56bfc062723c751e8b465ee728b)
Start importing Assets/2DGamekit/Art/Materials/Environment/Dropship.mat using Guid(2c14c73cffcc76346a7b50b3394b3e93) Importer(815301076,1909f56bfc062723c751e8b465ee728b)  -> (artifact id: '771ba05dcdb857d0ebaf36f0c8b58e49') in 0.021053 seconds 
  Import took 0.025965 seconds .

========================================================================
Received Import Request.
  Time since last request: 0.000317 seconds.
  path: Assets/2DGamekit/Utilities/Fonts/Rajdhani/Rajdhani-Medium.ttf
  artifactKey: Guid(d151d0faf225b2f41be85322a8c28666) Importer(815301076,1909f56bfc062723c751e8b465ee728b)
Start importing Assets/2DGamekit/Utilities/Fonts/Rajdhani/Rajdhani-Medium.ttf using Guid(d151d0faf225b2f41be85322a8c28666) Importer(815301076,1909f56bfc062723c751e8b465ee728b)  -> (artifact id: 'b633cb3c104f7ea6a7638b159540a017') in 0.016965 seconds 
  Import took 0.021666 seconds .

========================================================================
Received Import Request.
  Time since last request: 0.000590 seconds.
  path: Assets/2DGamekit/Art/Materials/VFX/Ellen/JumpEffect.mat
  artifactKey: Guid(ec5e4ac8b7092944198a08557485952d) Importer(815301076,1909f56bfc062723c751e8b465ee728b)
Start importing Assets/2DGamekit/Art/Materials/VFX/Ellen/JumpEffect.mat using Guid(ec5e4ac8b7092944198a08557485952d) Importer(815301076,1909f56bfc062723c751e8b465ee728b)  -> (artifact id: 'c56266b436f5f93137cd59b47dfad8b8') in 0.014303 seconds 
  Import took 0.018333 seconds .

========================================================================
Received Import Request.
  Time since last request: 0.000186 seconds.
  path: Assets/2DGamekit/Prefabs/VFX/Ellen/Bullet.prefab
  artifactKey: Guid(4593cdd83a432764aac5e418b812b3e0) Importer(815301076,1909f56bfc062723c751e8b465ee728b)
Start importing Assets/2DGamekit/Prefabs/VFX/Ellen/Bullet.prefab using Guid(4593cdd83a432764aac5e418b812b3e0) Importer(815301076,1909f56bfc062723c751e8b465ee728b)  -> (artifact id: '93f9a63bdfc37fa7e4c6286be719f2eb') in 0.014430 seconds 
  Import took 0.017972 seconds .

========================================================================
Received Import Request.
  Time since last request: 0.000253 seconds.
  path: Assets/2DGamekit/Art/Materials/VFX/Ellen/Bullet.mat
  artifactKey: Guid(8c69763446fb3664b939fdd8e803f70a) Importer(815301076,1909f56bfc062723c751e8b465ee728b)
Start importing Assets/2DGamekit/Art/Materials/VFX/Ellen/Bullet.mat using Guid(8c69763446fb3664b939fdd8e803f70a) Importer(815301076,1909f56bfc062723c751e8b465ee728b)  -> (artifact id: '3c18ae4e0d993f0eecbf7c0c3d39057a') in 0.013657 seconds 
  Import took 0.017586 seconds .

========================================================================
Received Import Request.
  Time since last request: 0.000208 seconds.
  path: Assets/2DGamekit/Art/Materials/VFX/Environment/DynamicWater.mat
  artifactKey: Guid(c0f9abb8779e0b44ba39e524decb6a33) Importer(815301076,1909f56bfc062723c751e8b465ee728b)
Start importing Assets/2DGamekit/Art/Materials/VFX/Environment/DynamicWater.mat using Guid(c0f9abb8779e0b44ba39e524decb6a33) Importer(815301076,1909f56bfc062723c751e8b465ee728b)  -> (artifact id: '115912dce691483fda4c0227f871cc4a') in 0.013145 seconds 
  Import took 0.016231 seconds .

========================================================================
Received Import Request.
  Time since last request: 0.000212 seconds.
  path: Assets/2DGamekit/Utilities/TextMesh Pro/Resources/Fonts & Materials/LiberationSans SDF - Outline.mat
  artifactKey: Guid(79459efec17a4d00a321bdcc27bbc385) Importer(815301076,1909f56bfc062723c751e8b465ee728b)
Start importing Assets/2DGamekit/Utilities/TextMesh Pro/Resources/Fonts & Materials/LiberationSans SDF - Outline.mat using Guid(79459efec17a4d00a321bdcc27bbc385) Importer(815301076,1909f56bfc062723c751e8b465ee728b)  -> (artifact id: 'eb5fff6e031271fc8109f5da7f2819dc') in 0.085842 seconds 
  Import took 0.093761 seconds .

========================================================================
Received Import Request.
  Time since last request: 0.000352 seconds.
  path: Assets/2DGamekit/Prefabs/VFX/Enemies/Chomper/ChomperDie.prefab
  artifactKey: Guid(61a6972b233f54246b0d0c15eabfb857) Importer(815301076,1909f56bfc062723c751e8b465ee728b)
Start importing Assets/2DGamekit/Prefabs/VFX/Enemies/Chomper/ChomperDie.prefab using Guid(61a6972b233f54246b0d0c15eabfb857) Importer(815301076,1909f56bfc062723c751e8b465ee728b)  -> (artifact id: '71b9ee4e56d7ed82b3243f589223fb86') in 0.014030 seconds 
  Import took 0.018121 seconds .

========================================================================
Received Import Request.
  Time since last request: 0.000381 seconds.
  path: Assets/2DGamekit/Art/Materials/Enemies/GunnerProjectileHit2.mat
  artifactKey: Guid(72bf409812def7e4d90f825863838a91) Importer(815301076,1909f56bfc062723c751e8b465ee728b)
Start importing Assets/2DGamekit/Art/Materials/Enemies/GunnerProjectileHit2.mat using Guid(72bf409812def7e4d90f825863838a91) Importer(815301076,1909f56bfc062723c751e8b465ee728b)  -> (artifact id: 'c998a5bc9abfd028ad64f1cd30fe6a7a') in 0.013298 seconds 
  Import took 0.018333 seconds .

========================================================================
Received Import Request.
  Time since last request: 0.000298 seconds.
  path: Assets/2DGamekit/Prefabs/VFX/Enemies/Gunner/GunnerGrenade.prefab
  artifactKey: Guid(2ac3d03c4b22fb24a9d186e58a291f57) Importer(815301076,1909f56bfc062723c751e8b465ee728b)
Start importing Assets/2DGamekit/Prefabs/VFX/Enemies/Gunner/GunnerGrenade.prefab using Guid(2ac3d03c4b22fb24a9d186e58a291f57) Importer(815301076,1909f56bfc062723c751e8b465ee728b)  -> (artifact id: '3774123f231c20e0efddd2f4406bd330') in 0.020092 seconds 
  Import took 0.025660 seconds .

========================================================================
Received Import Request.
  Time since last request: 0.000274 seconds.
  path: Assets/2DGamekit/Prefabs/VFX/Enemies/Gunner/GunnerProjectileFire.prefab
  artifactKey: Guid(62e2325fb41250c478144a6d6d028060) Importer(815301076,1909f56bfc062723c751e8b465ee728b)
Start importing Assets/2DGamekit/Prefabs/VFX/Enemies/Gunner/GunnerProjectileFire.prefab using Guid(62e2325fb41250c478144a6d6d028060) Importer(815301076,1909f56bfc062723c751e8b465ee728b)  -> (artifact id: 'e7431ceb2452a57bc67b90613721d03b') in 0.015932 seconds 
  Import took 0.019517 seconds .

========================================================================
Received Import Request.
  Time since last request: 0.000227 seconds.
  path: Assets/2DGamekit/Prefabs/VFX/Ellen/EllenHurt.prefab
  artifactKey: Guid(64b0b5135e518aa4fbd439bfa5a1b3ab) Importer(815301076,1909f56bfc062723c751e8b465ee728b)
Start importing Assets/2DGamekit/Prefabs/VFX/Ellen/EllenHurt.prefab using Guid(64b0b5135e518aa4fbd439bfa5a1b3ab) Importer(815301076,1909f56bfc062723c751e8b465ee728b)  -> (artifact id: 'd9077d5f9dd591fab1bc613b9423a171') in 0.013062 seconds 
  Import took 0.018627 seconds .

========================================================================
Received Import Request.
  Time since last request: 0.000368 seconds.
  path: Assets/2DGamekit/Prefabs/VFX/Ellen/EllenHurt2.prefab
  artifactKey: Guid(85707e6160ceaa84697a396f632788f9) Importer(815301076,1909f56bfc062723c751e8b465ee728b)
Start importing Assets/2DGamekit/Prefabs/VFX/Ellen/EllenHurt2.prefab using Guid(85707e6160ceaa84697a396f632788f9) Importer(815301076,1909f56bfc062723c751e8b465ee728b)  -> (artifact id: '5df9a79336103f93374aeae73cd28786') in 0.022419 seconds 
  Import took 0.027281 seconds .

========================================================================
Received Import Request.
  Time since last request: 0.000216 seconds.
  path: Assets/2DGamekit/Prefabs/Interactables/Key.prefab
  artifactKey: Guid(93f15056a62b79346aafa55805de2b33) Importer(815301076,1909f56bfc062723c751e8b465ee728b)
Start importing Assets/2DGamekit/Prefabs/Interactables/Key.prefab using Guid(93f15056a62b79346aafa55805de2b33) Importer(815301076,1909f56bfc062723c751e8b465ee728b)  -> (artifact id: '91b4ac831440d9e63af3fe07e28da254') in 0.020311 seconds 
  Import took 0.024687 seconds .

========================================================================
Received Import Request.
  Time since last request: 0.000262 seconds.
  path: Assets/2DGamekit/Prefabs/Interactables/InfoPost.prefab
  artifactKey: Guid(6bc0b2bb61623f94aa335ee8a769a8f9) Importer(815301076,1909f56bfc062723c751e8b465ee728b)
Start importing Assets/2DGamekit/Prefabs/Interactables/InfoPost.prefab using Guid(6bc0b2bb61623f94aa335ee8a769a8f9) Importer(815301076,1909f56bfc062723c751e8b465ee728b)  -> (artifact id: '3178d21a55ba21cfdb13a887eade37ac') in 0.033441 seconds 
  Import took 0.036884 seconds .

========================================================================
Received Import Request.
  Time since last request: 0.000241 seconds.
  path: Assets/2DGamekit/Utilities/Fonts/Rajdhani/Rajdhani-Bold.ttf
  artifactKey: Guid(3f33109a773074647bf9153825f5d0ae) Importer(815301076,1909f56bfc062723c751e8b465ee728b)
Start importing Assets/2DGamekit/Utilities/Fonts/Rajdhani/Rajdhani-Bold.ttf using Guid(3f33109a773074647bf9153825f5d0ae) Importer(815301076,1909f56bfc062723c751e8b465ee728b)  -> (artifact id: '348fab2e27b33974048ad27ace0e50a0') in 0.016235 seconds 
  Import took 0.020527 seconds .

========================================================================
Received Import Request.
  Time since last request: 0.000318 seconds.
  path: Assets/2DGamekit/Art/Materials/Enemies/GunnerProjectileHit.mat
  artifactKey: Guid(49d24c9665b02fa4aa1590a301f13eee) Importer(815301076,1909f56bfc062723c751e8b465ee728b)
Start importing Assets/2DGamekit/Art/Materials/Enemies/GunnerProjectileHit.mat using Guid(49d24c9665b02fa4aa1590a301f13eee) Importer(815301076,1909f56bfc062723c751e8b465ee728b)  -> (artifact id: '8fef821ca8b1779e7f2cace51b06358c') in 0.015310 seconds 
  Import took 0.020264 seconds .

========================================================================
Received Import Request.
  Time since last request: 0.000328 seconds.
  path: Assets/2DGamekit/Art/Materials/Enemies/GunnerProjectileTrail.mat
  artifactKey: Guid(ecc49dac98a29ef449c7b7310805cec8) Importer(815301076,1909f56bfc062723c751e8b465ee728b)
Start importing Assets/2DGamekit/Art/Materials/Enemies/GunnerProjectileTrail.mat using Guid(ecc49dac98a29ef449c7b7310805cec8) Importer(815301076,1909f56bfc062723c751e8b465ee728b)  -> (artifact id: '34f9dafef80fe353181cbf123675445e') in 0.015875 seconds 
  Import took 0.019467 seconds .

========================================================================
Received Import Request.
  Time since last request: 0.000189 seconds.
  path: Assets/2DGamekit/Utilities/Fonts/Rajdhani/Rajdhani-Regular.ttf
  artifactKey: Guid(09e331ca2f11a354696f42260d750f7a) Importer(815301076,1909f56bfc062723c751e8b465ee728b)
Start importing Assets/2DGamekit/Utilities/Fonts/Rajdhani/Rajdhani-Regular.ttf using Guid(09e331ca2f11a354696f42260d750f7a) Importer(815301076,1909f56bfc062723c751e8b465ee728b)  -> (artifact id: 'fae5a146e323d2d32776078ae3651939') in 0.018540 seconds 
  Import took 0.022571 seconds .

========================================================================
Received Import Request.
  Time since last request: 0.000248 seconds.
  path: Assets/2DGamekit/Utilities/TextMesh Pro/Resources/Fonts & Materials/LiberationSans SDF - Drop Shadow.mat
  artifactKey: Guid(e73a58f6e2794ae7b1b7e50b7fb811b0) Importer(815301076,1909f56bfc062723c751e8b465ee728b)
Start importing Assets/2DGamekit/Utilities/TextMesh Pro/Resources/Fonts & Materials/LiberationSans SDF - Drop Shadow.mat using Guid(e73a58f6e2794ae7b1b7e50b7fb811b0) Importer(815301076,1909f56bfc062723c751e8b465ee728b)  -> (artifact id: '033d2353f249d5919bce58f1d8eef574') in 0.091534 seconds 
  Import took 0.095110 seconds .

========================================================================
Received Import Request.
  Time since last request: 0.000205 seconds.
  path: Assets/2DGamekit/Prefabs/VFX/Enemies/Gunner/GunnerLightning.prefab
  artifactKey: Guid(0fce9aca7785d364a90b48c98c3a51b6) Importer(815301076,1909f56bfc062723c751e8b465ee728b)
Start importing Assets/2DGamekit/Prefabs/VFX/Enemies/Gunner/GunnerLightning.prefab using Guid(0fce9aca7785d364a90b48c98c3a51b6) Importer(815301076,1909f56bfc062723c751e8b465ee728b)  -> (artifact id: 'b67245aedc738c516f50b441712ab89f') in 0.015325 seconds 
  Import took 0.019210 seconds .

========================================================================
Received Import Request.
  Time since last request: 0.000654 seconds.
  path: Assets/2DGamekit/Prefabs/Interactables/DestructableColumn.prefab
  artifactKey: Guid(c57359a20b483084f9310f1d0b46f64a) Importer(815301076,1909f56bfc062723c751e8b465ee728b)
Start importing Assets/2DGamekit/Prefabs/Interactables/DestructableColumn.prefab using Guid(c57359a20b483084f9310f1d0b46f64a) Importer(815301076,1909f56bfc062723c751e8b465ee728b)  -> (artifact id: '3366046ee6acb31de514fbc1d842a253') in 0.271209 seconds 
  Import took 0.276528 seconds .

========================================================================
Received Import Request.
  Time since last request: 0.000324 seconds.
  path: Assets/2DGamekit/Prefabs/VFX/Ellen/EllenDeath.prefab
  artifactKey: Guid(4e4d2ff5369121544b93398086397215) Importer(815301076,1909f56bfc062723c751e8b465ee728b)
Start importing Assets/2DGamekit/Prefabs/VFX/Ellen/EllenDeath.prefab using Guid(4e4d2ff5369121544b93398086397215) Importer(815301076,1909f56bfc062723c751e8b465ee728b)  -> (artifact id: 'bb7f690865c0d9b1a38351207bc9606b') in 0.013714 seconds 
  Import took 0.017719 seconds .

========================================================================
Received Import Request.
  Time since last request: 0.000299 seconds.
  path: Assets/2DGamekit/Art/Materials/VFX/Interactables/HealingEffect.mat
  artifactKey: Guid(6446c065f29a9a94b9462d7b44e824a5) Importer(815301076,1909f56bfc062723c751e8b465ee728b)
Start importing Assets/2DGamekit/Art/Materials/VFX/Interactables/HealingEffect.mat using Guid(6446c065f29a9a94b9462d7b44e824a5) Importer(815301076,1909f56bfc062723c751e8b465ee728b)  -> (artifact id: 'aab382aa2cb82581a4376748a24df8eb') in 0.012978 seconds 
  Import took 0.017583 seconds .

========================================================================
Received Import Request.
  Time since last request: 0.000400 seconds.
  path: Assets/2DGamekit/Art/Materials/VFX/Ellen/DustPuff.mat
  artifactKey: Guid(e5bdc7bae15102048b57321d68c45c8a) Importer(815301076,1909f56bfc062723c751e8b465ee728b)
Start importing Assets/2DGamekit/Art/Materials/VFX/Ellen/DustPuff.mat using Guid(e5bdc7bae15102048b57321d68c45c8a) Importer(815301076,1909f56bfc062723c751e8b465ee728b)  -> (artifact id: 'e7a1323260e92d5db33b9cb34fae276a') in 0.013886 seconds 
  Import took 0.018168 seconds .

========================================================================
Received Import Request.
  Time since last request: 0.000229 seconds.
  path: Assets/2DGamekit/Art/Materials/Enemies/GunnerUpBeamEffect02.mat
  artifactKey: Guid(74b76cd257ec5e3498dad51c0c2b075c) Importer(815301076,1909f56bfc062723c751e8b465ee728b)
Start importing Assets/2DGamekit/Art/Materials/Enemies/GunnerUpBeamEffect02.mat using Guid(74b76cd257ec5e3498dad51c0c2b075c) Importer(815301076,1909f56bfc062723c751e8b465ee728b)  -> (artifact id: '9f2e9bbfeaa6412932f3d2997147f5d4') in 0.012224 seconds 
  Import took 0.016825 seconds .

========================================================================
Received Import Request.
  Time since last request: 0.000235 seconds.
  path: Assets/2DGamekit/Scripts/Character
  artifactKey: Guid(71551e87865b6e948b3996c84d2e9ae0) Importer(815301076,1909f56bfc062723c751e8b465ee728b)
Start importing Assets/2DGamekit/Scripts/Character using Guid(71551e87865b6e948b3996c84d2e9ae0) Importer(815301076,1909f56bfc062723c751e8b465ee728b)  -> (artifact id: '827375bfaa4db4997de1f1330a8dd484') in 0.004106 seconds 
  Import took 0.008450 seconds .

========================================================================
Received Import Request.
  Time since last request: 0.000231 seconds.
  path: Assets/2DGamekit/Prefabs/Audio/BackgroundMusicPlayer.prefab
  artifactKey: Guid(9c48d4101c920ef47a787da13f097d90) Importer(815301076,1909f56bfc062723c751e8b465ee728b)
Start importing Assets/2DGamekit/Prefabs/Audio/BackgroundMusicPlayer.prefab using Guid(9c48d4101c920ef47a787da13f097d90) Importer(815301076,1909f56bfc062723c751e8b465ee728b)  -> (artifact id: '026bf5019cd6916b481e62f3361f89c3') in 0.010782 seconds 
  Import took 0.014616 seconds .

========================================================================
Received Import Request.
  Time since last request: 0.000463 seconds.
  path: Assets/2DGamekit/Art/Materials/VFX/Environment/Fireflies.mat
  artifactKey: Guid(5d68b3689b52fc448be4ab2d246a694e) Importer(815301076,1909f56bfc062723c751e8b465ee728b)
Start importing Assets/2DGamekit/Art/Materials/VFX/Environment/Fireflies.mat using Guid(5d68b3689b52fc448be4ab2d246a694e) Importer(815301076,1909f56bfc062723c751e8b465ee728b)  -> (artifact id: '2e696a87b60f50ce135f925bf3c56629') in 0.011748 seconds 
  Import took 0.015333 seconds .

========================================================================
Received Import Request.
  Time since last request: 0.000209 seconds.
  path: Assets/2DGamekit/Prefabs/VFX/Enemies/Chomper/ChomperBiteEffect.prefab
  artifactKey: Guid(36e8cdbcd42e8104cb2a7e06368f23e9) Importer(815301076,1909f56bfc062723c751e8b465ee728b)
Start importing Assets/2DGamekit/Prefabs/VFX/Enemies/Chomper/ChomperBiteEffect.prefab using Guid(36e8cdbcd42e8104cb2a7e06368f23e9) Importer(815301076,1909f56bfc062723c751e8b465ee728b)  -> (artifact id: 'def70af8498d9e041ceddc88fbd35c98') in 0.020147 seconds 
  Import took 0.023404 seconds .

========================================================================
Received Import Request.
  Time since last request: 0.000277 seconds.
  path: Assets/2DGamekit/Art/Materials/Interactables/InfoSign.mat
  artifactKey: Guid(1067fb38eccfeee449d14ef3395e6dd3) Importer(815301076,1909f56bfc062723c751e8b465ee728b)
Start importing Assets/2DGamekit/Art/Materials/Interactables/InfoSign.mat using Guid(1067fb38eccfeee449d14ef3395e6dd3) Importer(815301076,1909f56bfc062723c751e8b465ee728b)  -> (artifact id: 'f5f70924d3da7607d600a6831a3446fa') in 0.016826 seconds 
  Import took 0.021292 seconds .

========================================================================
Received Import Request.
  Time since last request: 0.001210 seconds.
  path: Assets/2DGamekit/Prefabs/VFX/Ellen/JumpPuff.prefab
  artifactKey: Guid(7ff0708625eb73d4080bdb1316d063f6) Importer(815301076,1909f56bfc062723c751e8b465ee728b)
Start importing Assets/2DGamekit/Prefabs/VFX/Ellen/JumpPuff.prefab using Guid(7ff0708625eb73d4080bdb1316d063f6) Importer(815301076,1909f56bfc062723c751e8b465ee728b)  -> (artifact id: 'dfd6acad53449cf20336b22d62e789e0') in 0.015595 seconds 
  Import took 0.019595 seconds .

========================================================================
Received Import Request.
  Time since last request: 0.000268 seconds.
  path: Assets/2DGamekit/Art/Materials/Enemies/GunnerDamageTrail.mat
  artifactKey: Guid(ceacbb350e5610448be0924e5f0f1cf7) Importer(815301076,1909f56bfc062723c751e8b465ee728b)
Start importing Assets/2DGamekit/Art/Materials/Enemies/GunnerDamageTrail.mat using Guid(ceacbb350e5610448be0924e5f0f1cf7) Importer(815301076,1909f56bfc062723c751e8b465ee728b)  -> (artifact id: 'e7465d775f950360c5869b9f3cfa1a18') in 0.013548 seconds 
  Import took 0.017886 seconds .

========================================================================
Received Import Request.
  Time since last request: 0.000380 seconds.
  path: Assets/2DGamekit/Art/Materials/Environment/LitTileBasic.mat
  artifactKey: Guid(850935974f6a0ae4c8770cbbb77f74d0) Importer(815301076,1909f56bfc062723c751e8b465ee728b)
Start importing Assets/2DGamekit/Art/Materials/Environment/LitTileBasic.mat using Guid(850935974f6a0ae4c8770cbbb77f74d0) Importer(815301076,1909f56bfc062723c751e8b465ee728b)  -> (artifact id: '3be42be3ed9fddaf40194a4673ea9a70') in 0.013883 seconds 
  Import took 0.018956 seconds .

========================================================================
Received Import Request.
  Time since last request: 0.000293 seconds.
  path: Assets/2DGamekit/Prefabs/VFX/Enemies/Gunner/GunnerDamage.prefab
  artifactKey: Guid(d5a14f17f544e6c4db02c9bdfbb9b1b0) Importer(815301076,1909f56bfc062723c751e8b465ee728b)
Start importing Assets/2DGamekit/Prefabs/VFX/Enemies/Gunner/GunnerDamage.prefab using Guid(d5a14f17f544e6c4db02c9bdfbb9b1b0) Importer(815301076,1909f56bfc062723c751e8b465ee728b)  -> (artifact id: 'da573f5947c6779f37b9c40f9208e40e') in 0.014962 seconds 
  Import took 0.018930 seconds .

========================================================================
Received Import Request.
  Time since last request: 0.000244 seconds.
  path: Assets/2DGamekit/Art/Materials/Enemies/GunnerShieldDamage.mat
  artifactKey: Guid(3be28bb57af1ee14c895f7b66f48ae30) Importer(815301076,1909f56bfc062723c751e8b465ee728b)
Start importing Assets/2DGamekit/Art/Materials/Enemies/GunnerShieldDamage.mat using Guid(3be28bb57af1ee14c895f7b66f48ae30) Importer(815301076,1909f56bfc062723c751e8b465ee728b)  -> (artifact id: '87c2ccfcfbb6eef0486329947913a58e') in 0.013320 seconds 
  Import took 0.017566 seconds .

========================================================================
Received Import Request.
  Time since last request: 0.000380 seconds.
  path: Assets/2DGamekit/Prefabs/VFX/Enemies/Gunner/GunnerProjectileHit.prefab
  artifactKey: Guid(ebf7ed0a9a9a50e498db0703765a94a6) Importer(815301076,1909f56bfc062723c751e8b465ee728b)
Start importing Assets/2DGamekit/Prefabs/VFX/Enemies/Gunner/GunnerProjectileHit.prefab using Guid(ebf7ed0a9a9a50e498db0703765a94a6) Importer(815301076,1909f56bfc062723c751e8b465ee728b)  -> (artifact id: 'e703d0286fdf236aabf53ebfa2d10fc9') in 0.012512 seconds 
  Import took 0.017843 seconds .

========================================================================
Received Import Request.
  Time since last request: 0.000427 seconds.
  path: Assets/2DGamekit/Art/Materials/Enemies/GunnerProjectile.mat
  artifactKey: Guid(0ed92797faa6a6f4292757fca41bb8fc) Importer(815301076,1909f56bfc062723c751e8b465ee728b)
Start importing Assets/2DGamekit/Art/Materials/Enemies/GunnerProjectile.mat using Guid(0ed92797faa6a6f4292757fca41bb8fc) Importer(815301076,1909f56bfc062723c751e8b465ee728b)  -> (artifact id: 'd8dd970ea5cee43588042ed67ee9154b') in 0.012818 seconds 
  Import took 0.017249 seconds .

========================================================================
Received Import Request.
  Time since last request: 0.000246 seconds.
  path: Assets/2DGamekit/Prefabs/VFX/Environment/GrassPuff.prefab
  artifactKey: Guid(27ab20378afc6044fa7e280ace3536a7) Importer(815301076,1909f56bfc062723c751e8b465ee728b)
Start importing Assets/2DGamekit/Prefabs/VFX/Environment/GrassPuff.prefab using Guid(27ab20378afc6044fa7e280ace3536a7) Importer(815301076,1909f56bfc062723c751e8b465ee728b)  -> (artifact id: '3301e93da3e3ba8d834dcf800bb74606') in 0.013765 seconds 
  Import took 0.018678 seconds .

========================================================================
Received Import Request.
  Time since last request: 0.000219 seconds.
  path: Assets/2DGamekit/Prefabs/Enemies/Chomper.prefab
  artifactKey: Guid(9a2f32836e0e10248b425c273622a735) Importer(815301076,1909f56bfc062723c751e8b465ee728b)
Start importing Assets/2DGamekit/Prefabs/Enemies/Chomper.prefab using Guid(9a2f32836e0e10248b425c273622a735) Importer(815301076,1909f56bfc062723c751e8b465ee728b)  -> (artifact id: 'a6dd4595dbf40a75a88b166f0ceadfee') in 0.034674 seconds 
  Import took 0.039152 seconds .

========================================================================
Received Import Request.
  Time since last request: 0.000524 seconds.
  path: Assets/2DGamekit/Art/Materials/VFX/Enemies/Chomper/BiteEffect.mat
  artifactKey: Guid(c9186295b913db34c9aa38065944926f) Importer(815301076,1909f56bfc062723c751e8b465ee728b)
Start importing Assets/2DGamekit/Art/Materials/VFX/Enemies/Chomper/BiteEffect.mat using Guid(c9186295b913db34c9aa38065944926f) Importer(815301076,1909f56bfc062723c751e8b465ee728b)  -> (artifact id: '96a58fcefc6f70d8a58ecd27cadc9960') in 0.013163 seconds 
  Import took 0.017933 seconds .

========================================================================
Received Import Request.
  Time since last request: 0.000248 seconds.
  path: Assets/2DGamekit/Art/Materials/Environment/LitTileRockBG.mat
  artifactKey: Guid(0b5df3b23f3993d45a18f88d8815665d) Importer(815301076,1909f56bfc062723c751e8b465ee728b)
Start importing Assets/2DGamekit/Art/Materials/Environment/LitTileRockBG.mat using Guid(0b5df3b23f3993d45a18f88d8815665d) Importer(815301076,1909f56bfc062723c751e8b465ee728b)  -> (artifact id: 'b1f2f3f0bebedc9d91dbd43175d5a4ac') in 0.014924 seconds 
  Import took 0.018096 seconds .

========================================================================
Received Import Request.
  Time since last request: 0.000228 seconds.
  path: Assets/2DGamekit/Art/Materials/VFX/Environment/LightShafts.mat
  artifactKey: Guid(98994a9e005562f439742e4b9872cc90) Importer(815301076,1909f56bfc062723c751e8b465ee728b)
Start importing Assets/2DGamekit/Art/Materials/VFX/Environment/LightShafts.mat using Guid(98994a9e005562f439742e4b9872cc90) Importer(815301076,1909f56bfc062723c751e8b465ee728b)  -> (artifact id: '4d4c113b19b8d70d83979e1c7d54ac30') in 0.014845 seconds 
  Import took 0.018494 seconds .

========================================================================
Received Import Request.
  Time since last request: 0.000253 seconds.
  path: Assets/2DGamekit/Art/Materials/Enemies/GunnerShield.mat
  artifactKey: Guid(74b5a090435a1bb4b9c3d40a4505af18) Importer(815301076,1909f56bfc062723c751e8b465ee728b)
Start importing Assets/2DGamekit/Art/Materials/Enemies/GunnerShield.mat using Guid(74b5a090435a1bb4b9c3d40a4505af18) Importer(815301076,1909f56bfc062723c751e8b465ee728b)  -> (artifact id: '9cfda272311eb67b8f6135c014917063') in 0.012025 seconds 
  Import took 0.015645 seconds .

========================================================================
Received Import Request.
  Time since last request: 0.000604 seconds.
  path: Assets/2DGamekit/Prefabs/Enemies/EnemySpawner.prefab
  artifactKey: Guid(5ae094758896c0b45b352d4b01916822) Importer(815301076,1909f56bfc062723c751e8b465ee728b)
Start importing Assets/2DGamekit/Prefabs/Enemies/EnemySpawner.prefab using Guid(5ae094758896c0b45b352d4b01916822) Importer(815301076,1909f56bfc062723c751e8b465ee728b)  -> (artifact id: 'a366c55d10bd3353c01d0bf4b10416ce') in 0.012968 seconds 
  Import took 0.017749 seconds .

========================================================================
Received Import Request.
  Time since last request: 0.000278 seconds.
  path: Assets/2DGamekit/Art/Materials/VFX/Enemies/Gunner/LightningLight.mat
  artifactKey: Guid(7511cb34746338140b257765ed3fc1cd) Importer(815301076,1909f56bfc062723c751e8b465ee728b)
Start importing Assets/2DGamekit/Art/Materials/VFX/Enemies/Gunner/LightningLight.mat using Guid(7511cb34746338140b257765ed3fc1cd) Importer(815301076,1909f56bfc062723c751e8b465ee728b)  -> (artifact id: '103e4a229e4728560ea802d7ef17e803') in 0.013565 seconds 
  Import took 0.017492 seconds .

========================================================================
Received Import Request.
  Time since last request: 0.000540 seconds.
  path: Assets/2DGamekit/Art/Materials/Interactables/HubDoor.mat
  artifactKey: Guid(a55eefc22095c8c40a0db170485ba5d3) Importer(815301076,1909f56bfc062723c751e8b465ee728b)
Start importing Assets/2DGamekit/Art/Materials/Interactables/HubDoor.mat using Guid(a55eefc22095c8c40a0db170485ba5d3) Importer(815301076,1909f56bfc062723c751e8b465ee728b)  -> (artifact id: '08921e122565f334959fb4204320fb66') in 0.017958 seconds 
  Import took 0.024049 seconds .

========================================================================
Received Import Request.
  Time since last request: 0.000214 seconds.
  path: Assets/2DGamekit/Prefabs/Interactables/DestructableWall.prefab
  artifactKey: Guid(34e51d4f11580144b99436db7c78b5dd) Importer(815301076,1909f56bfc062723c751e8b465ee728b)
Start importing Assets/2DGamekit/Prefabs/Interactables/DestructableWall.prefab using Guid(34e51d4f11580144b99436db7c78b5dd) Importer(815301076,1909f56bfc062723c751e8b465ee728b)  -> (artifact id: '88b5ffc18c4637eb5bd01821e753702c') in 0.022883 seconds 
  Import took 0.027268 seconds .

========================================================================
Received Import Request.
  Time since last request: 0.000245 seconds.
  path: Assets/2DGamekit/Prefabs/VFX/Ellen/GunMuzzleFlash.prefab
  artifactKey: Guid(2b7a2e498fd198541a255cf07be4e057) Importer(815301076,1909f56bfc062723c751e8b465ee728b)
Start importing Assets/2DGamekit/Prefabs/VFX/Ellen/GunMuzzleFlash.prefab using Guid(2b7a2e498fd198541a255cf07be4e057) Importer(815301076,1909f56bfc062723c751e8b465ee728b)  -> (artifact id: 'd298030ea047461d669dc29edc8defa3') in 0.015594 seconds 
  Import took 0.019808 seconds .

========================================================================
Received Import Request.
  Time since last request: 0.000615 seconds.
  path: Assets/2DGamekit/Prefabs/VFX/Enemies/Gunner/GunnerProjectile.prefab
  artifactKey: Guid(7cca00a010a54534493450e42c76b7bb) Importer(815301076,1909f56bfc062723c751e8b465ee728b)
Start importing Assets/2DGamekit/Prefabs/VFX/Enemies/Gunner/GunnerProjectile.prefab using Guid(7cca00a010a54534493450e42c76b7bb) Importer(815301076,1909f56bfc062723c751e8b465ee728b)  -> (artifact id: '8c3af8f1d3961c68d29b9d93b1e6b5e1') in 0.016935 seconds 
  Import took 0.021490 seconds .

========================================================================
Received Import Request.
  Time since last request: 0.000327 seconds.
  path: Assets/2DGamekit/Prefabs/SceneControl/Checkpoint.prefab
  artifactKey: Guid(448ee8ad87a7f9f43b099285036e8bfc) Importer(815301076,1909f56bfc062723c751e8b465ee728b)
Start importing Assets/2DGamekit/Prefabs/SceneControl/Checkpoint.prefab using Guid(448ee8ad87a7f9f43b099285036e8bfc) Importer(815301076,1909f56bfc062723c751e8b465ee728b)  -> (artifact id: 'c2da56f290346725768d3150a384f9b9') in 0.007268 seconds 
  Import took 0.010892 seconds .

========================================================================
Received Import Request.
  Time since last request: 0.000241 seconds.
  path: Assets/2DGamekit/Prefabs/UIPrefabs/DialogueCanvas.prefab
  artifactKey: Guid(114c5f41fd4099445a42c1d9bd01f222) Importer(815301076,1909f56bfc062723c751e8b465ee728b)
Start importing Assets/2DGamekit/Prefabs/UIPrefabs/DialogueCanvas.prefab using Guid(114c5f41fd4099445a42c1d9bd01f222) Importer(815301076,1909f56bfc062723c751e8b465ee728b)  -> (artifact id: '00133b77412e54cf3a71290bb2b101a2') in 0.065308 seconds 
  Import took 0.068837 seconds .

========================================================================
Received Import Request.
  Time since last request: 0.000186 seconds.
  path: Assets/2DGamekit/Scripts/Character/MonoBehaviours
  artifactKey: Guid(c8c2ea23cbb14f145843861e879a552a) Importer(815301076,1909f56bfc062723c751e8b465ee728b)
Start importing Assets/2DGamekit/Scripts/Character/MonoBehaviours using Guid(c8c2ea23cbb14f145843861e879a552a) Importer(815301076,1909f56bfc062723c751e8b465ee728b)  -> (artifact id: 'fd68c835ad4a5a63319c0cf7ee1f5b72') in 0.002841 seconds 
  Import took 0.005702 seconds .

========================================================================
Received Import Request.
  Time since last request: 0.000189 seconds.
  path: Assets/2DGamekit/Prefabs/VFX/Interactables/HealingGlobe.prefab
  artifactKey: Guid(a143bc5e08fd214439e68f9541e16066) Importer(815301076,1909f56bfc062723c751e8b465ee728b)
Start importing Assets/2DGamekit/Prefabs/VFX/Interactables/HealingGlobe.prefab using Guid(a143bc5e08fd214439e68f9541e16066) Importer(815301076,1909f56bfc062723c751e8b465ee728b)  -> (artifact id: 'ed5556c3f41076ba8517d0de1740f44d') in 0.013652 seconds 
  Import took 0.018624 seconds .

========================================================================
Received Import Request.
  Time since last request: 0.000421 seconds.
  path: Assets/2DGamekit/Art/Materials/Environment/Background.mat
  artifactKey: Guid(cbde66e9603eb5148bbb4a66bed3eee4) Importer(815301076,1909f56bfc062723c751e8b465ee728b)
Start importing Assets/2DGamekit/Art/Materials/Environment/Background.mat using Guid(cbde66e9603eb5148bbb4a66bed3eee4) Importer(815301076,1909f56bfc062723c751e8b465ee728b)  -> (artifact id: '323054cadc66f4437f561629061cb3b8') in 0.044290 seconds 
  Import took 0.047975 seconds .

========================================================================
Received Import Request.
  Time since last request: 0.000281 seconds.
  path: Assets/2DGamekit/Prefabs/VFX/Ellen/BulletImpact.prefab
  artifactKey: Guid(8b019aae9fde32e41aa6181013f53be2) Importer(815301076,1909f56bfc062723c751e8b465ee728b)
Start importing Assets/2DGamekit/Prefabs/VFX/Ellen/BulletImpact.prefab using Guid(8b019aae9fde32e41aa6181013f53be2) Importer(815301076,1909f56bfc062723c751e8b465ee728b)  -> (artifact id: '8b5a07a5e31f51050cd63869b8faacef') in 0.012189 seconds 
  Import took 0.016038 seconds .

========================================================================
Received Import Request.
  Time since last request: 0.000198 seconds.
  path: Assets/2DGamekit/Art/Materials/Enemies/GunnerBeamEffect2.mat
  artifactKey: Guid(5e6d86c7f9ec609449c933ab811eb779) Importer(815301076,1909f56bfc062723c751e8b465ee728b)
Start importing Assets/2DGamekit/Art/Materials/Enemies/GunnerBeamEffect2.mat using Guid(5e6d86c7f9ec609449c933ab811eb779) Importer(815301076,1909f56bfc062723c751e8b465ee728b)  -> (artifact id: '304369d45221e1f332860d4781ccf5f2') in 0.014698 seconds 
  Import took 0.017921 seconds .

========================================================================
Received Import Request.
  Time since last request: 0.000242 seconds.
  path: Assets/2DGamekit/Art/Materials/VFX/Ellen/EllenHurt.mat
  artifactKey: Guid(85ca70dfb4d675143b31965eff3bf3c5) Importer(815301076,1909f56bfc062723c751e8b465ee728b)
Start importing Assets/2DGamekit/Art/Materials/VFX/Ellen/EllenHurt.mat using Guid(85ca70dfb4d675143b31965eff3bf3c5) Importer(815301076,1909f56bfc062723c751e8b465ee728b)  -> (artifact id: 'e49d71724ecf9b1e7d0d3fc2fe86f30f') in 0.012403 seconds 
  Import took 0.017911 seconds .

========================================================================
Received Import Request.
  Time since last request: 0.000264 seconds.
  path: Assets/2DGamekit/Art/Materials/VFX/Interactables/HealthParticles.mat
  artifactKey: Guid(c4c30fd8d8abcd2479e9d89da1e8f2ab) Importer(815301076,1909f56bfc062723c751e8b465ee728b)
Start importing Assets/2DGamekit/Art/Materials/VFX/Interactables/HealthParticles.mat using Guid(c4c30fd8d8abcd2479e9d89da1e8f2ab) Importer(815301076,1909f56bfc062723c751e8b465ee728b)  -> (artifact id: '28fe5931afa3691891e1720b4efb38b9') in 0.013698 seconds 
  Import took 0.017908 seconds .

========================================================================
Received Import Request.
  Time since last request: 0.000200 seconds.
  path: Assets/2DGamekit/Scripts
  artifactKey: Guid(9f40b01e4495ac14090cc1f4b4705d91) Importer(815301076,1909f56bfc062723c751e8b465ee728b)
Start importing Assets/2DGamekit/Scripts using Guid(9f40b01e4495ac14090cc1f4b4705d91) Importer(815301076,1909f56bfc062723c751e8b465ee728b)  -> (artifact id: 'd0e716cdb0161371a04d418daa8e8b09') in 0.004590 seconds 
  Import took 0.009489 seconds .

========================================================================
Received Import Request.
  Time since last request: 0.000331 seconds.
  path: Assets/2DGamekit/Prefabs/VFX/Enemies/Gunner/GunnerBeamEffect.prefab
  artifactKey: Guid(296b19e4ad513154e9aa7cff2f759a1e) Importer(815301076,1909f56bfc062723c751e8b465ee728b)
Start importing Assets/2DGamekit/Prefabs/VFX/Enemies/Gunner/GunnerBeamEffect.prefab using Guid(296b19e4ad513154e9aa7cff2f759a1e) Importer(815301076,1909f56bfc062723c751e8b465ee728b)  -> (artifact id: 'b8c87f8f56dcec9bc8c0843fca3811d2') in 0.017510 seconds 
  Import took 0.024940 seconds .

========================================================================
Received Import Request.
  Time since last request: 0.000346 seconds.
  path: Assets/2DGamekit/Art/Materials/Interactables/DoorGlow.mat
  artifactKey: Guid(6ba59f43cf1b8bc44b553d68206795af) Importer(815301076,1909f56bfc062723c751e8b465ee728b)
Start importing Assets/2DGamekit/Art/Materials/Interactables/DoorGlow.mat using Guid(6ba59f43cf1b8bc44b553d68206795af) Importer(815301076,1909f56bfc062723c751e8b465ee728b)  -> (artifact id: '5200254e87a1ceab0894c25dae3c7f67') in 0.013910 seconds 
  Import took 0.018081 seconds .

========================================================================
Received Import Request.
  Time since last request: 0.478258 seconds.
  path: Assets/2DGamekit/Scripts/Character/MonoBehaviours/BulletPool.cs
  artifactKey: Guid(f228fbb363353454ca367fa9d85a2d98) Importer(815301076,1909f56bfc062723c751e8b465ee728b)
Start importing Assets/2DGamekit/Scripts/Character/MonoBehaviours/BulletPool.cs using Guid(f228fbb363353454ca367fa9d85a2d98) Importer(815301076,1909f56bfc062723c751e8b465ee728b)  -> (artifact id: '74b1250aab1a84732ebdb011147f842c') in 0.013203 seconds 
  Import took 0.017411 seconds .

AssetImportWorkerClient::OnTransportError - code=2 error=End of file
